<?xml version="1.0" encoding="UTF-8"?>
<!-- Generated by org.testng.reporters.JUnitXMLReporter -->
<testsuite ignored="0" hostname="LAPTOP-5VSJ2M2L" failures="1" tests="1" name="Test" time="8.732" errors="0" timestamp="2024-12-03T18:25:11 IST">
  <testcase classname="testCases.LoginTest" name="loginTest" time="0.548">
    <failure type="java.lang.AssertionError" message="expected [Swag Labs] but found [Swag Lab]">
      <![CDATA[java.lang.AssertionError: expected [Swag Labs] but found [Swag Lab]
at testCases.LoginTest.loginTest(LoginTest.java:19)
at java.base/java.util.ArrayList.forEach(ArrayList.java:1597)
... Removed 31 stack frames]]>
    </failure>
  </testcase> <!-- loginTest -->
</testsuite> <!-- Test -->
