<?xml version="1.0" encoding="UTF-8"?>
<!-- Generated by org.testng.reporters.JUnitXMLReporter -->
<testsuite ignored="1" hostname="LAPTOP-5VSJ2M2L" failures="0" tests="4" name="Default test" time="7.674" errors="0" timestamp="2024-12-04T18:12:37 IST">
  <testcase classname="testCases.LoginTest" name="loginTest" time="0.212"/>
  <testcase classname="testCases.LoginTest" name="loginTest" time="0.2"/>
  <testcase classname="testCases.LoginTest" name="loginTest" time="0.242"/>
  <testcase classname="testCases.LoginTest" name="loginTest" time="0.203"/>
  <testcase classname="testCases.LoginTest" name="testMultipleUserLogin" time="0.0">
    <ignored/>
  </testcase> <!-- testMultipleUserLogin -->
</testsuite> <!-- Default test -->
