<?xml version="1.0" encoding="UTF-8"?>
<testng-results ignored="1" total="5" passed="4" failed="0" skipped="0">
  <reporter-output>
    <line>
      <![CDATA[login test]]>
    </line>
    <line>
      <![CDATA[Check the title of the page]]>
    </line>
    <line>
      <![CDATA[login test]]>
    </line>
    <line>
      <![CDATA[Check the title of the page]]>
    </line>
    <line>
      <![CDATA[login test]]>
    </line>
    <line>
      <![CDATA[Check the title of the page]]>
    </line>
    <line>
      <![CDATA[login test]]>
    </line>
    <line>
      <![CDATA[Check the title of the page]]>
    </line>
  </reporter-output>
  <suite started-at="2024-12-04T18:12:29 IST" name="Default suite" finished-at="2024-12-04T18:12:37 IST" duration-ms="7674">
    <groups>
    </groups>
    <test started-at="2024-12-04T18:12:29 IST" name="Default test" finished-at="2024-12-04T18:12:37 IST" duration-ms="7674">
      <class name="testCases.LoginTest">
        <test-method is-config="true" signature="readconfig()[pri:0, instance:testCases.LoginTest@23941fb4]" started-at="2024-12-04T18:12:29 IST" name="readconfig" finished-at="2024-12-04T18:12:29 IST" duration-ms="8" status="PASS">
          <reporter-output>
          </reporter-output>
        </test-method> <!-- readconfig -->
        <test-method is-config="true" signature="lunchApp()[pri:0, instance:testCases.LoginTest@23941fb4]" started-at="2024-12-04T18:12:30 IST" name="lunchApp" finished-at="2024-12-04T18:12:33 IST" duration-ms="2761" status="PASS">
          <reporter-output>
          </reporter-output>
        </test-method> <!-- lunchApp -->
        <test-method signature="loginTest(java.lang.String,java.lang.String)[pri:0, instance:testCases.LoginTest@23941fb4]" started-at="2024-12-04T18:12:33 IST" name="loginTest" data-provider="loginData" finished-at="2024-12-04T18:12:33 IST" duration-ms="212" status="PASS">
          <params>
            <param index="0">
              <value>
                <![CDATA[username]]>
              </value>
            </param>
            <param index="1">
              <value>
                <![CDATA[password]]>
              </value>
            </param>
          </params>
          <reporter-output>
            <line>
              <![CDATA[login test]]>
            </line>
            <line>
              <![CDATA[Check the title of the page]]>
            </line>
          </reporter-output>
        </test-method> <!-- loginTest -->
        <test-method is-config="true" signature="tearDown(org.testng.ITestResult)[pri:0, instance:testCases.LoginTest@23941fb4]" started-at="2024-12-04T18:12:33 IST" name="tearDown" finished-at="2024-12-04T18:12:33 IST" duration-ms="118" status="PASS">
          <params>
            <param index="0">
              <value>
                <![CDATA[[TestResult name=loginTest status=SUCCESS method=LoginTest.loginTest(java.lang.String,java.lang.String)[pri:0, instance:testCases.LoginTest@23941fb4] output=login test]]]>
              </value>
            </param>
          </params>
          <reporter-output>
          </reporter-output>
        </test-method> <!-- tearDown -->
        <test-method is-config="true" signature="lunchApp()[pri:0, instance:testCases.LoginTest@23941fb4]" started-at="2024-12-04T18:12:33 IST" name="lunchApp" finished-at="2024-12-04T18:12:34 IST" duration-ms="1114" status="PASS">
          <reporter-output>
          </reporter-output>
        </test-method> <!-- lunchApp -->
        <test-method signature="loginTest(java.lang.String,java.lang.String)[pri:0, instance:testCases.LoginTest@23941fb4]" started-at="2024-12-04T18:12:34 IST" name="loginTest" data-provider="loginData" finished-at="2024-12-04T18:12:34 IST" duration-ms="200" status="PASS">
          <params>
            <param index="0">
              <value>
                <![CDATA[standard_user]]>
              </value>
            </param>
            <param index="1">
              <value>
                <![CDATA[secret_sauce]]>
              </value>
            </param>
          </params>
          <reporter-output>
            <line>
              <![CDATA[login test]]>
            </line>
            <line>
              <![CDATA[Check the title of the page]]>
            </line>
          </reporter-output>
        </test-method> <!-- loginTest -->
        <test-method is-config="true" signature="tearDown(org.testng.ITestResult)[pri:0, instance:testCases.LoginTest@23941fb4]" started-at="2024-12-04T18:12:34 IST" name="tearDown" finished-at="2024-12-04T18:12:34 IST" duration-ms="120" status="PASS">
          <params>
            <param index="0">
              <value>
                <![CDATA[[TestResult name=loginTest status=SUCCESS method=LoginTest.loginTest(java.lang.String,java.lang.String)[pri:0, instance:testCases.LoginTest@23941fb4] output=login test]]]>
              </value>
            </param>
          </params>
          <reporter-output>
          </reporter-output>
        </test-method> <!-- tearDown -->
        <test-method is-config="true" signature="lunchApp()[pri:0, instance:testCases.LoginTest@23941fb4]" started-at="2024-12-04T18:12:34 IST" name="lunchApp" finished-at="2024-12-04T18:12:35 IST" duration-ms="1000" status="PASS">
          <reporter-output>
          </reporter-output>
        </test-method> <!-- lunchApp -->
        <test-method signature="loginTest(java.lang.String,java.lang.String)[pri:0, instance:testCases.LoginTest@23941fb4]" started-at="2024-12-04T18:12:35 IST" name="loginTest" data-provider="loginData" finished-at="2024-12-04T18:12:36 IST" duration-ms="242" status="PASS">
          <params>
            <param index="0">
              <value>
                <![CDATA[locked_out_user]]>
              </value>
            </param>
            <param index="1">
              <value>
                <![CDATA[secret_sauce]]>
              </value>
            </param>
          </params>
          <reporter-output>
            <line>
              <![CDATA[login test]]>
            </line>
            <line>
              <![CDATA[Check the title of the page]]>
            </line>
          </reporter-output>
        </test-method> <!-- loginTest -->
        <test-method is-config="true" signature="tearDown(org.testng.ITestResult)[pri:0, instance:testCases.LoginTest@23941fb4]" started-at="2024-12-04T18:12:36 IST" name="tearDown" finished-at="2024-12-04T18:12:36 IST" duration-ms="110" status="PASS">
          <params>
            <param index="0">
              <value>
                <![CDATA[[TestResult name=loginTest status=SUCCESS method=LoginTest.loginTest(java.lang.String,java.lang.String)[pri:0, instance:testCases.LoginTest@23941fb4] output=login test]]]>
              </value>
            </param>
          </params>
          <reporter-output>
          </reporter-output>
        </test-method> <!-- tearDown -->
        <test-method is-config="true" signature="lunchApp()[pri:0, instance:testCases.LoginTest@23941fb4]" started-at="2024-12-04T18:12:36 IST" name="lunchApp" finished-at="2024-12-04T18:12:37 IST" duration-ms="806" status="PASS">
          <reporter-output>
          </reporter-output>
        </test-method> <!-- lunchApp -->
        <test-method signature="loginTest(java.lang.String,java.lang.String)[pri:0, instance:testCases.LoginTest@23941fb4]" started-at="2024-12-04T18:12:37 IST" name="loginTest" data-provider="loginData" finished-at="2024-12-04T18:12:37 IST" duration-ms="203" status="PASS">
          <params>
            <param index="0">
              <value>
                <![CDATA[performance_glitch_user]]>
              </value>
            </param>
            <param index="1">
              <value>
                <![CDATA[secret_sauce]]>
              </value>
            </param>
          </params>
          <reporter-output>
            <line>
              <![CDATA[login test]]>
            </line>
            <line>
              <![CDATA[Check the title of the page]]>
            </line>
          </reporter-output>
        </test-method> <!-- loginTest -->
        <test-method is-config="true" signature="tearDown(org.testng.ITestResult)[pri:0, instance:testCases.LoginTest@23941fb4]" started-at="2024-12-04T18:12:37 IST" name="tearDown" finished-at="2024-12-04T18:12:37 IST" duration-ms="98" status="PASS">
          <params>
            <param index="0">
              <value>
                <![CDATA[[TestResult name=loginTest status=SUCCESS method=LoginTest.loginTest(java.lang.String,java.lang.String)[pri:0, instance:testCases.LoginTest@23941fb4] output=login test]]]>
              </value>
            </param>
          </params>
          <reporter-output>
          </reporter-output>
        </test-method> <!-- tearDown -->
      </class> <!-- testCases.LoginTest -->
    </test> <!-- Default test -->
  </suite> <!-- Default suite -->
</testng-results>
